<?xml version="1.0" encoding="UTF-8"?>
<testng-results skipped="0" failed="0" total="1" passed="1">
  <reporter-output>
  </reporter-output>
  <suite name="Default suite" duration-ms="73458" started-at="2018-04-15T05:54:26Z" finished-at="2018-04-15T05:55:39Z">
    <groups>
    </groups>
    <test name="Default test" duration-ms="73458" started-at="2018-04-15T05:54:26Z" finished-at="2018-04-15T05:55:39Z">
      <class name="samplrGitTest.SampleGitTest">
        <test-method status="PASS" signature="logintest()[pri:0, instance:samplrGitTest.SampleGitTest@55f3ddb1]" name="logintest" duration-ms="73380" started-at="2018-04-15T11:24:26Z" finished-at="2018-04-15T11:25:39Z">
          <reporter-output>
          </reporter-output>
        </test-method> <!-- logintest -->
      </class> <!-- samplrGitTest.SampleGitTest -->
    </test> <!-- Default test -->
  </suite> <!-- Default suite -->
</testng-results>
